Using pre-set license
Built from '2020.3/release' branch; Version is '2020.3.12f1 (b3b2c6512326) revision 11776710'; Using compiler version '192528614'; Build Type 'Release'
OS: 'Windows 10 Pro; OS build 19041.1110; Version 2004; 64bit' Language: 'ko' Physical Memory: 16335 MB
BatchMode: 1, IsHumanControllingUs: 0, StartBugReporterOnCrash: 0, Is64bit: 1, IsPro: 0

 COMMAND LINE ARGUMENTS:
C:\Users\Administrator\Desktop\Unity\Unity File\2020.3.12f1\Editor\Unity.exe
-adb2
-batchMode
-noUpm
-name
AssetImportWorker0
-projectPath
D:/GitHub_Project/Project_Space_Coma_AR/Project_Space_Coma_AR
-logFile
Logs/AssetImportWorker0.log
-srvPort
57076
Successfully changed project path to: D:/GitHub_Project/Project_Space_Coma_AR/Project_Space_Coma_AR
D:/GitHub_Project/Project_Space_Coma_AR/Project_Space_Coma_AR
Using Asset Import Pipeline V2.
Refreshing native plugins compatible for Editor in 40.21 ms, found 2 plugins.
Preloading 0 native plugins for Editor in 0.00 ms.
Initialize engine version: 2020.3.12f1 (b3b2c6512326)
[Subsystems] Discovering subsystems at path C:/Users/Administrator/Desktop/Unity/Unity File/2020.3.12f1/Editor/Data/Resources/UnitySubsystems
[Subsystems] Discovering subsystems at path D:/GitHub_Project/Project_Space_Coma_AR/Project_Space_Coma_AR/Assets
GfxDevice: creating device client; threaded=0
Direct3D:
    Version:  Direct3D 11.0 [level 11.1]
    Renderer: Radeon RX 580 Series (ID=0x67df)
    Vendor:   
    VRAM:     8171 MB
    Driver:   27.20.22001.14011
Initialize mono
Mono path[0] = 'C:/Users/Administrator/Desktop/Unity/Unity File/2020.3.12f1/Editor/Data/Managed'
Mono path[1] = 'C:/Users/Administrator/Desktop/Unity/Unity File/2020.3.12f1/Editor/Data/MonoBleedingEdge/lib/mono/unityjit'
Mono config path = 'C:/Users/Administrator/Desktop/Unity/Unity File/2020.3.12f1/Editor/Data/MonoBleedingEdge/etc'
Using monoOptions --debugger-agent=transport=dt_socket,embedding=1,server=y,suspend=n,address=127.0.0.1:56788
Begin MonoManager ReloadAssembly
Registering precompiled unity dll's ...
Register platform support module: C:/Users/Administrator/Desktop/Unity/Unity File/2020.3.12f1/Editor/Data/PlaybackEngines/WindowsStandaloneSupport/UnityEditor.WindowsStandalone.Extensions.dll
Registered in 0.002709 seconds.
Native extension for WindowsStandalone target not found
Refreshing native plugins compatible for Editor in 35.65 ms, found 2 plugins.
Preloading 0 native plugins for Editor in 0.00 ms.
Mono: successfully reloaded assembly
- Completed reload, in  2.360 seconds
Platform modules already initialized, skipping
Registering precompiled user dll's ...
Registered in 0.003022 seconds.
Begin MonoManager ReloadAssembly
Native extension for WindowsStandalone target not found
Refreshing native plugins compatible for Editor in 0.41 ms, found 2 plugins.
Preloading 0 native plugins for Editor in 0.00 ms.
Mono: successfully reloaded assembly
- Completed reload, in  1.210 seconds
Platform modules already initialized, skipping
========================================================================
Worker process is ready to serve import requests
Launched and connected shader compiler UnityShaderCompiler.exe after 0.05 seconds
Refreshing native plugins compatible for Editor in 0.39 ms, found 2 plugins.
Preloading 0 native plugins for Editor in 0.00 ms.
Unloading 1749 Unused Serialized files (Serialized files now loaded: 0)
System memory in use before: 76.7 MB.
System memory in use after: 76.8 MB.

Unloading 21 unused Assets to reduce memory usage. Loaded Objects now: 2184.
Total: 2.165900 ms (FindLiveObjects: 0.187100 ms CreateObjectMapping: 0.041800 ms MarkObjects: 1.845900 ms  DeleteObjects: 0.089900 ms)

AssetImportParameters requested are different than current active one (requested -> active):
  custom:framework-win-MediaFoundation: 216162199b28c13a410421893ffa2e32 -> 
  custom:video-decoder-ogg-theora: a1e56fd34408186e4bbccfd4996cb3dc -> 
  custom:container-muxer-webm: aa71ff27fc2769a1b78a27578f13a17b -> 
  custom:container-demuxer-webm: 4f35f7cbe854078d1ac9338744f61a02 -> 
  custom:container-demuxer-ogg: 62fdf1f143b41e24485cea50d1cbac27 -> 
  custom:video-encoder-webm-vp8: eb34c28f22e8b96e1ab97ce403110664 -> 
  custom:video-decoder-webm-vp8: 9c59270c3fd7afecdb556c50c9e8de78 -> 
  custom:audio-decoder-ogg-vorbis: bf7c407c2cedff20999df2af8eb42d56 -> 
  custom:audio-encoder-webm-vorbis: bf7c407c2cedff20999df2af8eb42d56 -> 
========================================================================
Received Import Request.
  path: Assets/00.MyAsset/02.Image/Sprite/Google_2015_logo.svg.png
  artifactKey: Guid(ac03095acc91b1141965e3c828a6b232) Importer(815301076,1909f56bfc062723c751e8b465ee728b)
Start importing Assets/00.MyAsset/02.Image/Sprite/Google_2015_logo.svg.png using Guid(ac03095acc91b1141965e3c828a6b232) Importer(815301076,1909f56bfc062723c751e8b465ee728b)  -> (artifact id: '7e9a6c36162f072d655345bffe9ff607') in 0.082927 seconds 
  Import took 0.094709 seconds .

========================================================================
Received Import Request.
  Time since last request: 2.951540 seconds.
  path: Assets/00.MyAsset/02.Image/Sprite/Google_2015_logo.svg.png
  artifactKey: Guid(ac03095acc91b1141965e3c828a6b232) Importer(815301076,1909f56bfc062723c751e8b465ee728b)
Start importing Assets/00.MyAsset/02.Image/Sprite/Google_2015_logo.svg.png using Guid(ac03095acc91b1141965e3c828a6b232) Importer(815301076,1909f56bfc062723c751e8b465ee728b)  -> (artifact id: 'f3d34a4b7efd736d6ab6cc2556ca2738') in 0.050210 seconds 
  Import took 0.053374 seconds .

========================================================================
Received Import Request.
  Time since last request: 448.927245 seconds.
  path: Assets/Download/DinV/Dynamic Space Background/Sprites/Stars-Big_1.png
  artifactKey: Guid(c6944f9f15bd0ca4087bcdf033f0e162) Importer(815301076,1909f56bfc062723c751e8b465ee728b)
Start importing Assets/Download/DinV/Dynamic Space Background/Sprites/Stars-Big_1.png using Guid(c6944f9f15bd0ca4087bcdf033f0e162) Importer(815301076,1909f56bfc062723c751e8b465ee728b)  -> (artifact id: 'ac306e51c9d372ec9c62277a8377d2a9') in 0.159690 seconds 
  Import took 0.162869 seconds .

========================================================================
Received Import Request.
  Time since last request: 0.000191 seconds.
  path: Assets/Download/DinV/Dynamic Space Background/Sprites/Stars Small_1.png
  artifactKey: Guid(efe6ce32a6a4408489775c70e5d32f11) Importer(815301076,1909f56bfc062723c751e8b465ee728b)
Start importing Assets/Download/DinV/Dynamic Space Background/Sprites/Stars Small_1.png using Guid(efe6ce32a6a4408489775c70e5d32f11) Importer(815301076,1909f56bfc062723c751e8b465ee728b)  -> (artifact id: '8334ce23ab65b56a418e61a793002179') in 0.373085 seconds 
  Import took 0.377134 seconds .

========================================================================
Received Import Request.
  Time since last request: 0.000220 seconds.
  path: Assets/Download/DinV/Dynamic Space Background/Sprites/Nebula Aqua-Pink.png
  artifactKey: Guid(d9b31ebd60af68c469212c1a9f513e74) Importer(815301076,1909f56bfc062723c751e8b465ee728b)
Start importing Assets/Download/DinV/Dynamic Space Background/Sprites/Nebula Aqua-Pink.png using Guid(d9b31ebd60af68c469212c1a9f513e74) Importer(815301076,1909f56bfc062723c751e8b465ee728b)  -> (artifact id: '0efad9efb0dbdbaa84630c272da42593') in 0.124753 seconds 
  Import took 0.127642 seconds .

========================================================================
Received Import Request.
  Time since last request: 252.083538 seconds.
  path: Assets/00.MyAsset/02.Image/Sprite/8a04d6c537759824e2fdcdc2e54f119b.jpg
  artifactKey: Guid(230fd2c616790724caf874ea7212f6f7) Importer(815301076,1909f56bfc062723c751e8b465ee728b)
Start importing Assets/00.MyAsset/02.Image/Sprite/8a04d6c537759824e2fdcdc2e54f119b.jpg using Guid(230fd2c616790724caf874ea7212f6f7) Importer(815301076,1909f56bfc062723c751e8b465ee728b)  -> (artifact id: 'e97781bf19f13e05f6cbcbe917d69cc3') in 0.054715 seconds 
  Import took 0.057764 seconds .

========================================================================
Received Import Request.
  Time since last request: 2.402912 seconds.
  path: Assets/00.MyAsset/02.Image/Sprite/8a04d6c537759824e2fdcdc2e54f119b.jpg
  artifactKey: Guid(230fd2c616790724caf874ea7212f6f7) Importer(815301076,1909f56bfc062723c751e8b465ee728b)
Start importing Assets/00.MyAsset/02.Image/Sprite/8a04d6c537759824e2fdcdc2e54f119b.jpg using Guid(230fd2c616790724caf874ea7212f6f7) Importer(815301076,1909f56bfc062723c751e8b465ee728b)  -> (artifact id: 'ef18944c3c051bf13408a5d94efda3b4') in 0.036279 seconds 
  Import took 0.041012 seconds .

========================================================================
Received Import Request.
  Time since last request: 0.003171 seconds.
  path: Assets/00.MyAsset/02.Image/Sprite/8a04d6c537759824e2fdcdc2e54f119b.jpg
  artifactKey: Guid(230fd2c616790724caf874ea7212f6f7) Importer(815301076,1909f56bfc062723c751e8b465ee728b)
Start importing Assets/00.MyAsset/02.Image/Sprite/8a04d6c537759824e2fdcdc2e54f119b.jpg using Guid(230fd2c616790724caf874ea7212f6f7) Importer(815301076,1909f56bfc062723c751e8b465ee728b)  -> (artifact id: 'ef18944c3c051bf13408a5d94efda3b4') in 0.019402 seconds 
  Import took 0.022935 seconds .

========================================================================
Received Prepare
Registering precompiled user dll's ...
Registered in 0.004705 seconds.
Begin MonoManager ReloadAssembly
Native extension for WindowsStandalone target not found
Refreshing native plugins compatible for Editor in 0.49 ms, found 2 plugins.
Preloading 0 native plugins for Editor in 0.00 ms.
Mono: successfully reloaded assembly
- Completed reload, in  1.223 seconds
Platform modules already initialized, skipping
Switching build target platform(19) subTarget(0) extendedPlatform(0) -> platform(13) subTarget(524288) extendedPlatform(0)
Refreshing native plugins compatible for Editor in 0.42 ms, found 2 plugins.
Preloading 0 native plugins for Editor in 0.00 ms.
Unloading 1777 Unused Serialized files (Serialized files now loaded: 0)
System memory in use before: 80.5 MB.
System memory in use after: 80.6 MB.

Unloading 16 unused Assets to reduce memory usage. Loaded Objects now: 2233.
Total: 2.360100 ms (FindLiveObjects: 0.196900 ms CreateObjectMapping: 0.041600 ms MarkObjects: 2.024300 ms  DeleteObjects: 0.095500 ms)

AssetImportParameters requested are different than current active one (requested -> active):
  custom:framework-win-MediaFoundation: 216162199b28c13a410421893ffa2e32 -> 
  custom:video-decoder-ogg-theora: a1e56fd34408186e4bbccfd4996cb3dc -> 
  custom:container-muxer-webm: aa71ff27fc2769a1b78a27578f13a17b -> 
  custom:container-demuxer-webm: 4f35f7cbe854078d1ac9338744f61a02 -> 
  custom:container-demuxer-ogg: 62fdf1f143b41e24485cea50d1cbac27 -> 
  custom:video-encoder-webm-vp8: eb34c28f22e8b96e1ab97ce403110664 -> 
  custom:video-decoder-webm-vp8: 9c59270c3fd7afecdb556c50c9e8de78 -> 
  custom:graphics/normal-map-encoding: 01000000000000000000000000000000 -> 02000000000000000000000000000000
  custom:audio-decoder-ogg-vorbis: bf7c407c2cedff20999df2af8eb42d56 -> 
  custom:audio-encoder-webm-vorbis: bf7c407c2cedff20999df2af8eb42d56 -> 
AssetImportWorkerClient::OnTransportError - code=2 error=End of file
